<?xml version="1.0" encoding="UTF-8" ?>
<testsuite errors="0" failures="0" hostname="Shahrias-MacBook.local" name="movieticketbookingsystem.UserManagerTest" skipped="0" tests="18" time="0.064" timestamp="2025-05-20T03:14:17">
  <properties>
    <property name="javac.test.classpath" value=":build/classes:/Applications/Apache NetBeans.app/Contents/Resources/netbeans/platform/modules/ext/junit-4.13.2.jar:/Applications/Apache NetBeans.app/Contents/Resources/netbeans/platform/modules/ext/hamcrest-core-1.3.jar" />
    <property name="java.specification.version" value="23" />
    <property name="libs.spring-framework500.classpath" value="/Applications/Apache NetBeans.app/Contents/Resources/netbeans/platform/modules/org-apache-commons-logging.jar:/Applications/Apache NetBeans.app/Contents/Resources/netbeans/java/modules/ext/cglib-2.2.jar:/Applications/Apache NetBeans.app/Contents/Resources/netbeans/java/modules/ext/spring-5/spring-aop-5.3.31.jar:/Applications/Apache NetBeans.app/Contents/Resources/netbeans/java/modules/ext/spring-5/spring-aspects-5.3.31.jar:/Applications/Apache NetBeans.app/Contents/Resources/netbeans/java/modules/ext/spring-5/spring-beans-5.3.31.jar:/Applications/Apache NetBeans.app/Contents/Resources/netbeans/java/modules/ext/spring-5/spring-context-5.3.31.jar:/Applications/Apache NetBeans.app/Contents/Resources/netbeans/java/modules/ext/spring-5/spring-context-indexer-5.3.31.jar:/Applications/Apache NetBeans.app/Contents/Resources/netbeans/java/modules/ext/spring-5/spring-context-support-5.3.31.jar:/Applications/Apache NetBeans.app/Contents/Resources/netbeans/java/modules/ext/spring-5/spring-core-5.3.31.jar:/Applications/Apache NetBeans.app/Contents/Resources/netbeans/java/modules/ext/spring-5/spring-expression-5.3.31.jar:/Applications/Apache NetBeans.app/Contents/Resources/netbeans/java/modules/ext/spring-5/spring-instrument-5.3.31.jar:/Applications/Apache NetBeans.app/Contents/Resources/netbeans/java/modules/ext/spring-5/spring-jcl-5.3.31.jar:/Applications/Apache NetBeans.app/Contents/Resources/netbeans/java/modules/ext/spring-5/spring-jdbc-5.3.31.jar:/Applications/Apache NetBeans.app/Contents/Resources/netbeans/java/modules/ext/spring-5/spring-jms-5.3.31.jar:/Applications/Apache NetBeans.app/Contents/Resources/netbeans/java/modules/ext/spring-5/spring-messaging-5.3.31.jar:/Applications/Apache NetBeans.app/Contents/Resources/netbeans/java/modules/ext/spring-5/spring-orm-5.3.31.jar:/Applications/Apache NetBeans.app/Contents/Resources/netbeans/java/modules/ext/spring-5/spring-oxm-5.3.31.jar:/Applications/Apache NetBeans.app/Contents/Resources/netbeans/java/modules/ext/spring-5/spring-test-5.3.31.jar:/Applications/Apache NetBeans.app/Contents/Resources/netbeans/java/modules/ext/spring-5/spring-tx-5.3.31.jar:/Applications/Apache NetBeans.app/Contents/Resources/netbeans/java/modules/ext/spring-5/spring-web-5.3.31.jar:/Applications/Apache NetBeans.app/Contents/Resources/netbeans/java/modules/ext/spring-5/spring-webflux-5.3.31.jar:/Applications/Apache NetBeans.app/Contents/Resources/netbeans/java/modules/ext/spring-5/spring-webmvc-5.3.31.jar:/Applications/Apache NetBeans.app/Contents/Resources/netbeans/java/modules/ext/spring-5/spring-websocket-5.3.31.jar" />
    <property name="jar.index.metainf" value="false" />
    <property name="test.binaryincludes" value="&lt;nothing&gt;" />
    <property name="debug-transport" value="dt_socket" />
    <property name="libs.javaee-web-api-8.0.src" value="" />
    <property name="java.vendor.url" value="http://www.azul.com/" />
    <property name="debug.modulepath" value="" />
    <property name="libs.jsp-compilation.src" value="" />
    <property name="libs.eclipselink.javadoc" value="/Applications/Apache NetBeans.app/Contents/Resources/netbeans/java/modules/ext/docs/jakarta.persistence-2.2.3-doc.zip" />
    <property name="libs.JWSAntTasks.javadoc" value="" />
    <property name="sun.boot.library.path" value="/Applications/Apache NetBeans.app/Contents/Home/lib" />
    <property name="sun.java.command" value="org.apache.tools.ant.taskdefs.optional.junit.JUnitTestRunner movieticketbookingsystem.UserManagerTest skipNonTests=false filtertrace=true haltOnError=false haltOnFailure=false showoutput=true outputtoformatters=true logfailedtests=true threadid=0 logtestlistenerevents=true formatter=org.apache.tools.ant.taskdefs.optional.junit.BriefJUnitResultFormatter formatter=org.apache.tools.ant.taskdefs.optional.junit.XMLJUnitResultFormatter,/Users/bmshahriaalam/Desktop/Study/MovieTicketBookingSystem/build/test/results/TEST-movieticketbookingsystem.UserManagerTest.xml crashfile=/Users/bmshahriaalam/Desktop/Study/MovieTicketBookingSystem/build/junitvmwatcher560137646012372932.properties propsfile=/Users/bmshahriaalam/Desktop/Study/MovieTicketBookingSystem/build/junit15394161679848411373.properties" />
    <property name="jdk.debug" value="release" />
    <property name="javadoc.use" value="true" />
    <property name="javadoc.notree" value="false" />
    <property name="basedir" value="/Users/bmshahriaalam/Desktop/Study/MovieTicketBookingSystem" />
    <property name="java.vm.specification.vendor" value="Oracle Corporation" />
    <property name="java.specification.name" value="Java Platform API Specification" />
    <property name="libs.jsf20.classpath" value="/Applications/Apache NetBeans.app/Contents/Resources/netbeans/enterprise/modules/ext/jsf-2_2/javax.faces.jar" />
    <property name="netbeans.extbrowser.manual_chrome_plugin_install" value="yes" />
    <property name="libs.jakartaee-api-10.0.maven-pom" value="" />
    <property name="libs.spring-framework500.javadoc" value="" />
    <property name="netbeans.default_userdir_root" value="/Users/bmshahriaalam/Library/Application Support/NetBeans" />
    <property name="libs.jsp-compilation-syscp.src" value="" />
    <property name="jdk.home" value="/Applications/Apache NetBeans.app/Contents/Home" />
    <property name="java.runtime.version" value="23.0.2+7" />
    <property name="libs.eclipselink.maven-pom" value="" />
    <property name="libs.metro.maven-pom" value="" />
    <property name="libs.JAXB-ENDORSED.javadoc" value="" />
    <property name="sun.java2d.noddraw" value="true" />
    <property name="guice.disable.misplaced.annotation.check" value="true" />
    <property name="libs.primefaces.javadoc" value="" />
    <property name="libs.jsp-compilation.javadoc" value="" />
    <property name="libs.groovy-all.maven-pom" value="" />
    <property name="java.vendor.version" value="Zulu23.32+11-CA" />
    <property name="libs.restapi.src" value="" />
    <property name="libs.junit_5.javadoc" value="/Applications/Apache NetBeans.app/Contents/Resources/netbeans/platform/docs/junit-jupiter-api-5.10.3-javadoc.jar:/Applications/Apache NetBeans.app/Contents/Resources/netbeans/platform/docs/junit-jupiter-params-5.10.3-javadoc.jar:/Applications/Apache NetBeans.app/Contents/Resources/netbeans/platform/docs/junit-jupiter-engine-5.10.3-javadoc.jar" />
    <property name="libs.jakartaee-api-11.0.maven-pom" value="" />
    <property name="dist.archive.excludes" value="" />
    <property name="java.io.tmpdir" value="/var/folders/c0/5strlrvj6ws9ktfkb_ks5gb00000gn/T/" />
    <property name="java.version" value="23.0.2" />
    <property name="java.vm.specification.name" value="Java Virtual Machine Specification" />
    <property name="libs.jakartaee-api-8.0.javadoc" value="/Applications/Apache NetBeans.app/Contents/Resources/netbeans/enterprise/docs/jakartaee8-doc-api.jar" />
    <property name="native.encoding" value="UTF-8" />
    <property name="java.library.path" value="/Users/bmshahriaalam/Library/Java/Extensions:/Library/Java/Extensions:/Network/Library/Java/Extensions:/System/Library/Java/Extensions:/usr/lib/java:." />
    <property name="libs.hamcrest.src" value="" />
    <property name="java.vendor" value="Azul Systems, Inc." />
    <property name="libs.groovy-all.src" value="" />
    <property name="libs.testng.javadoc" value="/Applications/Apache NetBeans.app/Contents/Resources/netbeans/platform/docs/testng-6.13.1-javadoc.jar" />
    <property name="meta.inf.dir" value="src/META-INF" />
    <property name="compile.on.save" value="true" />
    <property name="libs.testng.maven-pom" value="" />
    <property name="org.openide.version" value="deprecated" />
    <property name="run.classpath" value=":build/classes" />
    <property name="libs.jaxb.src" value="" />
    <property name="sun.awt.enableExtraMouseButtons" value="true" />
    <property name="test.src.dir" value="test" />
    <property name="org.openide.major.version" value="IDE/1" />
    <property name="ap.proc.none.internal" value="" />
    <property name="org.openide.specification.version" value="6.2" />
    <property name="user.timezone" value="Asia/Dhaka" />
    <property name="jar.index" value="false" />
    <property name="libs.jpa20-persistence.classpath" value="/Applications/Apache NetBeans.app/Contents/Resources/netbeans/java/modules/ext/eclipselink/jakarta.persistence-2.2.3.jar" />
    <property name="libs.junit_5.classpath" value="/Applications/Apache NetBeans.app/Contents/Resources/netbeans/platform/modules/ext/junit-jupiter-api-5.10.3.jar:/Applications/Apache NetBeans.app/Contents/Resources/netbeans/platform/modules/ext/junit-jupiter-params-5.10.3.jar:/Applications/Apache NetBeans.app/Contents/Resources/netbeans/platform/modules/ext/junit-jupiter-engine-5.10.3.jar" />
    <property name="java.vm.specification.version" value="23" />
    <property name="libs.eclipselinkmodelgen.javadoc" value="" />
    <property name="javadoc.noindex" value="false" />
    <property name="javadoc.private" value="false" />
    <property name="libs.JAXB-ENDORSED.maven-pom" value="" />
    <property name="user.home" value="/Users/bmshahriaalam" />
    <property name="libs.eclipselinkmodelgen.maven-pom" value="" />
    <property name="have.sources" value="true" />
    <property name="annotation.processing.processors.list" value="" />
    <property name="javac.deprecation" value="false" />
    <property name="build.generated.sources.dir" value="build/generated-sources" />
    <property name="plugin.manager.check.updates" value="false" />
    <property name="netbeans.autoupdate.language" value="en" />
    <property name="polyglot.engine.WarnInterpreterOnly" value="false" />
    <property name="build.compiler.emacs" value="true" />
    <property name="libs.eclipselinkmodelgen.src" value="" />
    <property name="build.classes.excludes" value="**/*.java,**/*.form" />
    <property name="dist.jar" value="dist/MovieTicketBookingSystem.jar" />
    <property name="libs.jakartaee-web-api-9.0.classpath" value="/Applications/Apache NetBeans.app/Contents/Resources/netbeans/enterprise/modules/ext/jakarta.jakartaee-web-api-9.0.0.jar" />
    <property name="libs.jakartaee-web-api-11.0.maven-pom" value="" />
    <property name="libs.javaee-endorsed-api-7.0.javadoc" value="/Applications/Apache NetBeans.app/Contents/Resources/netbeans/enterprise/docs/javaee-doc-api.jar" />
    <property name="jna.nosys" value="false" />
    <property name="os.version" value="15.3.1" />
    <property name="netbeans.home" value="/Applications/Apache NetBeans.app/Contents/Resources/netbeans/platform" />
    <property name="libs.CopyLibs.javadoc" value="" />
    <property name="debug-transport-by-os" value="dt_socket" />
    <property name="libs.jsf20.src" value="" />
    <property name="libs.javaee-api-8.0.javadoc" value="/Applications/Apache NetBeans.app/Contents/Resources/netbeans/enterprise/docs/javaee-doc-api.jar" />
    <property name="java.vm.name" value="OpenJDK 64-Bit Server VM" />
    <property name="libs.jakartaee-api-10.0.javadoc" value="/Applications/Apache NetBeans.app/Contents/Resources/netbeans/enterprise/docs/jakartaee10-doc-api.jar" />
    <property name="libs.jstl.javadoc" value="/Applications/Apache NetBeans.app/Contents/Resources/netbeans/enterprise/docs/javaee-doc-api.jar" />
    <property name="libs.javaee-endorsed-api-7.0.maven-pom" value="" />
    <property name="libs.jaxws21.classpath" value="/Applications/Apache NetBeans.app/Contents/Resources/netbeans/java/modules/ext/jaxws22/api/jakarta.jws-api.jar:/Applications/Apache NetBeans.app/Contents/Resources/netbeans/java/modules/ext/jaxws22/api/jakarta.xml.soap-api.jar:/Applications/Apache NetBeans.app/Contents/Resources/netbeans/java/modules/ext/jaxws22/api/jakarta.xml.ws-api.jar:/Applications/Apache NetBeans.app/Contents/Resources/netbeans/java/modules/ext/jaxws22/FastInfoset.jar:/Applications/Apache NetBeans.app/Contents/Resources/netbeans/java/modules/ext/jaxws22/gmbal-api-only.jar:/Applications/Apache NetBeans.app/Contents/Resources/netbeans/java/modules/ext/jaxws22/ha-api.jar:/Applications/Apache NetBeans.app/Contents/Resources/netbeans/java/modules/ext/jaxws22/jakarta.mail.jar:/Applications/Apache NetBeans.app/Contents/Resources/netbeans/java/modules/ext/jaxws22/jaxws-rt.jar:/Applications/Apache NetBeans.app/Contents/Resources/netbeans/java/modules/ext/jaxws22/jaxws-tools.jar:/Applications/Apache NetBeans.app/Contents/Resources/netbeans/java/modules/ext/jaxws22/management-api.jar:/Applications/Apache NetBeans.app/Contents/Resources/netbeans/java/modules/ext/jaxws22/mimepull.jar:/Applications/Apache NetBeans.app/Contents/Resources/netbeans/java/modules/ext/jaxws22/policy.jar:/Applications/Apache NetBeans.app/Contents/Resources/netbeans/java/modules/ext/jaxws22/saaj-impl.jar:/Applications/Apache NetBeans.app/Contents/Resources/netbeans/java/modules/ext/jaxws22/stax-ex.jar:/Applications/Apache NetBeans.app/Contents/Resources/netbeans/java/modules/ext/jaxws22/stax2-api.jar:/Applications/Apache NetBeans.app/Contents/Resources/netbeans/java/modules/ext/jaxws22/streambuffer.jar:/Applications/Apache NetBeans.app/Contents/Resources/netbeans/java/modules/ext/jaxws22/woodstox-core.jar:/Applications/Apache NetBeans.app/Contents/Resources/netbeans/ide/modules/ext/jaxb/api/jaxb-api.jar:/Applications/Apache NetBeans.app/Contents/Resources/netbeans/ide/modules/ext/jaxb/activation.jar:/Applications/Apache NetBeans.app/Contents/Resources/netbeans/ide/modules/ext/jaxb/jaxb-impl.jar:/Applications/Apache NetBeans.app/Contents/Resources/netbeans/ide/modules/ext/jaxb/jaxb-xjc.jar" />
    <property name="libs.restapi.classpath" value="/Applications/Apache NetBeans.app/Contents/Resources/netbeans/enterprise/modules/ext/jaxrs-2.1/jakarta.ws.rs-api-2.1.6.jar" />
    <property name="os.arch" value="aarch64" />
    <property name="build.generated.dir" value="build/generated" />
    <property name="libs.jakartaee-web-api-11.0.classpath" value="/Applications/Apache NetBeans.app/Contents/Resources/netbeans/enterprise/modules/ext/jakarta.jakartaee-web-api-11.0.0.jar" />
    <property name="libs.groovy-all.javadoc" value="" />
    <property name="libs.jakartaee-api-8.0.classpath" value="/Applications/Apache NetBeans.app/Contents/Resources/netbeans/enterprise/modules/ext/jakarta.jakartaee-api-8.0.0.jar" />
    <property name="libs.javaee-web-api-7.0.javadoc" value="/Applications/Apache NetBeans.app/Contents/Resources/netbeans/enterprise/docs/javaee-doc-api.jar" />
    <property name="libs.javaee-endorsed-api-6.0.src" value="" />
    <property name="ant.file.MovieTicketBookingSystem-impl" value="/Users/bmshahriaalam/Desktop/Study/MovieTicketBookingSystem/nbproject/build-impl.xml" />
    <property name="libs.javaee-endorsed-api-7.0.classpath" value="/Applications/Apache NetBeans.app/Contents/Resources/netbeans/enterprise/modules/ext/javaee7-endorsed/javax.annotation-api.jar:/Applications/Apache NetBeans.app/Contents/Resources/netbeans/enterprise/modules/ext/javaee7-endorsed/javax.xml.soap-api.jar:/Applications/Apache NetBeans.app/Contents/Resources/netbeans/enterprise/modules/ext/javaee7-endorsed/jaxb-api-osgi.jar:/Applications/Apache NetBeans.app/Contents/Resources/netbeans/enterprise/modules/ext/javaee7-endorsed/jaxws-api.jar:/Applications/Apache NetBeans.app/Contents/Resources/netbeans/enterprise/modules/ext/javaee7-endorsed/jsr181-api.jar" />
    <property name="libs.primefaces.maven-pom" value="" />
    <property name="org.netbeans.io.suspend" value="0" />
    <property name="ant.project.name" value="MovieTicketBookingSystem" />
    <property name="dist.javadoc.dir" value="dist/javadoc" />
    <property name="default.javac.target" value="23" />
    <property name="javac.fork" value="true" />
    <property name="libs.eclipselink.classpath" value="/Applications/Apache NetBeans.app/Contents/Resources/netbeans/java/modules/ext/eclipselink/org.eclipse.persistence.core-2.7.12.jar:/Applications/Apache NetBeans.app/Contents/Resources/netbeans/java/modules/ext/eclipselink/org.eclipse.persistence.asm-9.4.0.jar:/Applications/Apache NetBeans.app/Contents/Resources/netbeans/java/modules/ext/eclipselink/org.eclipse.persistence.antlr-2.7.12.jar:/Applications/Apache NetBeans.app/Contents/Resources/netbeans/java/modules/ext/eclipselink/org.eclipse.persistence.jpa-2.7.12.jar:/Applications/Apache NetBeans.app/Contents/Resources/netbeans/java/modules/ext/eclipselink/org.eclipse.persistence.jpa.jpql-2.7.12.jar:/Applications/Apache NetBeans.app/Contents/Resources/netbeans/java/modules/ext/eclipselink/org.eclipse.persistence.moxy-2.7.12.jar:/Applications/Apache NetBeans.app/Contents/Resources/netbeans/java/modules/ext/eclipselink/jakarta.persistence-2.2.3.jar" />
    <property name="libs.PostgreSQLDriver.maven-pom" value="" />
    <property name="libs.absolutelayout.src" value="" />
    <property name="libs.jakartaee-api-11.0.classpath" value="/Applications/Apache NetBeans.app/Contents/Resources/netbeans/enterprise/modules/ext/jakarta.jakartaee-api-11.0.0.jar" />
    <property name="testng.mode" value="testng" />
    <property name="annotation.processing.enabled.in.editor" value="false" />
    <property name="java.vm.compressedOopsMode" value="Zero based" />
    <property name="netbeans.productversion" value="Apache NetBeans IDE 25" />
    <property name="mkdist.disabled" value="false" />
    <property name="libs.javaee-web-api-6.0.javadoc" value="/Applications/Apache NetBeans.app/Contents/Resources/netbeans/enterprise/docs/javaee-doc-api.jar" />
    <property name="libs.groovy-all.classpath" value="/Applications/Apache NetBeans.app/Contents/Resources/netbeans/groovy/modules/ext/groovy-3.0.23.jar:/Applications/Apache NetBeans.app/Contents/Resources/netbeans/groovy/modules/ext/groovy-ant-3.0.23.jar" />
    <property name="libs.javaee-api-7.0.maven-pom" value="" />
    <property name="libs.absolutelayout.javadoc" value="" />
    <property name="annotation.processing.processor.options" value="" />
    <property name="libs.jaxb.maven-pom" value="" />
    <property name="libs.javaee-api-6.0.maven-pom" value="" />
    <property name="dist.dir" value="dist" />
    <property name="java.lang.Runtime.level" value="FINE" />
    <property name="build.dir" value="build" />
    <property name="libs.graaljs.maven-pom" value="" />
    <property name="netbeans.autoupdate.variant" value="" />
    <property name="javadoc.version" value="false" />
    <property name="libs.metro.classpath" value="/Applications/Apache NetBeans.app/Contents/Resources/netbeans/ide/modules/ext/jaxb/activation.jar:/Applications/Apache NetBeans.app/Contents/Resources/netbeans/enterprise/modules/ext/metro/webservices-api.jar:/Applications/Apache NetBeans.app/Contents/Resources/netbeans/enterprise/modules/ext/metro/webservices-extra-api.jar:/Applications/Apache NetBeans.app/Contents/Resources/netbeans/enterprise/modules/ext/metro/webservices-extra.jar:/Applications/Apache NetBeans.app/Contents/Resources/netbeans/enterprise/modules/ext/metro/webservices-rt.jar:/Applications/Apache NetBeans.app/Contents/Resources/netbeans/enterprise/modules/ext/metro/webservices-tools.jar" />
    <property name="libs.metro.src" value="" />
    <property name="libs.CopyLibs.classpath" value="/Applications/Apache NetBeans.app/Contents/Resources/netbeans/java/ant/extra/org-netbeans-modules-java-j2seproject-copylibstask.jar" />
    <property name="libs.jakartaee-api-11.0.javadoc" value="/Applications/Apache NetBeans.app/Contents/Resources/netbeans/enterprise/docs/jakartaee11-doc-api.jar" />
    <property name="javac.test.processorpath" value=":build/classes:/Applications/Apache NetBeans.app/Contents/Resources/netbeans/platform/modules/ext/junit-4.13.2.jar:/Applications/Apache NetBeans.app/Contents/Resources/netbeans/platform/modules/ext/hamcrest-core-1.3.jar" />
    <property name="libs.javaee-web-api-7.0.maven-pom" value="" />
    <property name="libs.javaee-web-api-8.0.maven-pom" value="" />
    <property name="netbeans.dirs" value="/Applications/Apache NetBeans.app/Contents/Resources/netbeans/nb:/Applications/Apache NetBeans.app/Contents/Resources/netbeans/ergonomics:/Applications/Apache NetBeans.app/Contents/Resources/netbeans/ide:/Applications/Apache NetBeans.app/Contents/Resources/netbeans/extide:/Applications/Apache NetBeans.app/Contents/Resources/netbeans/java:/Applications/Apache NetBeans.app/Contents/Resources/netbeans/apisupport:/Applications/Apache NetBeans.app/Contents/Resources/netbeans/webcommon:/Applications/Apache NetBeans.app/Contents/Resources/netbeans/websvccommon:/Applications/Apache NetBeans.app/Contents/Resources/netbeans/enterprise:/Applications/Apache NetBeans.app/Contents/Resources/netbeans/mobility:/Applications/Apache NetBeans.app/Contents/Resources/netbeans/profiler:/Applications/Apache NetBeans.app/Contents/Resources/netbeans/python:/Applications/Apache NetBeans.app/Contents/Resources/netbeans/php:/Applications/Apache NetBeans.app/Contents/Resources/netbeans/identity:/Applications/Apache NetBeans.app/Contents/Resources/netbeans/harness:/Applications/Apache NetBeans.app/Contents/Resources/netbeans/cnd:/Applications/Apache NetBeans.app/Contents/Resources/netbeans/cndext:/Applications/Apache NetBeans.app/Contents/Resources/netbeans/cpplite:/Applications/Apache NetBeans.app/Contents/Resources/netbeans/dlight:/Applications/Apache NetBeans.app/Contents/Resources/netbeans/groovy:/Applications/Apache NetBeans.app/Contents/Resources/netbeans/extra:/Applications/Apache NetBeans.app/Contents/Resources/netbeans/javacard:/Applications/Apache NetBeans.app/Contents/Resources/netbeans/javafx:/Applications/Apache NetBeans.app/Contents/Resources/netbeans/rust:" />
    <property name="socksNonProxyHosts" value="local|*.local|169.254/16|*.169.254/16" />
    <property name="libs.hamcrest.maven-pom" value="" />
    <property name="javac.processorpath" value="" />
    <property name="libs.javaee-api-6.0.javadoc" value="/Applications/Apache NetBeans.app/Contents/Resources/netbeans/enterprise/docs/javaee-doc-api.jar" />
    <property name="libs.JWSAntTasks.maven-pom" value="" />
    <property name="run.modulepath" value="" />
    <property name="do.archive+manifest.available" value="true" />
    <property name="apple.laf.useScreenMenuBar" value="true" />
    <property name="sun.java.launcher" value="SUN_STANDARD" />
    <property name="user.country" value="BD" />
    <property name="libs.jakartaee-api-9.0.maven-pom" value="" />
    <property name="libs.jpa20-persistence.src" value="" />
    <property name="libs.restapi.javadoc" value="" />
    <property name="javac.test.sourcepath" value="/Users/bmshahriaalam/Desktop/Study/MovieTicketBookingSystem/build/empty" />
    <property name="includes" value="**" />
    <property name="libs.hamcrest.classpath" value="/Applications/Apache NetBeans.app/Contents/Resources/netbeans/platform/modules/ext/hamcrest-core-1.3.jar" />
    <property name="javadoc.splitindex" value="true" />
    <property name="libs.JWSAntTasks.classpath" value="/Applications/Apache NetBeans.app/Contents/Resources/netbeans/java/ant/extra/org-netbeans-modules-javawebstart-anttasks.jar" />
    <property name="junit.available" value="true" />
    <property name="javac.processormodulepath" value="" />
    <property name="javadoc.encoding" value="UTF-8" />
    <property name="libs.jakartaee-api-11.0.src" value="" />
    <property name="netbeans.hash.code" value="unique=00eaf67b8-e523-4d40-827e-7e7104075f7f_826817a5-2a6d-4c15-925e-71869de1b203" />
    <property name="libs.jstl.src" value="" />
    <property name="libs.jsp-compilation-syscp.maven-pom" value="" />
    <property name="java.runtime.name" value="OpenJDK Runtime Environment" />
    <property name="libs.jaxb.javadoc" value="/Applications/Apache NetBeans.app/Contents/Resources/netbeans/ide/docs/jaxb-api-doc.jar" />
    <property name="manifest.available" value="true" />
    <property name="libs.spring-framework500.maven-pom" value="" />
    <property name="run.jvmargs.ide" value="" />
    <property name="ant.core.lib" value="/Applications/Apache NetBeans.app/Contents/Resources/netbeans/extide/ant/lib/ant.jar" />
    <property name="libs.jsp-compilation.maven-pom" value="" />
    <property name="javac.profile.cmd.line.arg" value="" />
    <property name="libs.jakartaee-web-api-11.0.src" value="" />
    <property name="libs.jakartaee-api-9.0.classpath" value="/Applications/Apache NetBeans.app/Contents/Resources/netbeans/enterprise/modules/ext/jakarta.jakartaee-api-9.0.0.jar" />
    <property name="do.archive+main.class.available" value="true" />
    <property name="javac.test.modulepath" value="" />
    <property name="libs.jakartaee-api-10.0.src" value="" />
    <property name="ignore.failing.tests" value="true" />
    <property name="libs.PostgreSQLDriver.javadoc" value="" />
    <property name="libs.jsp-compilation-syscp.classpath" value="/Applications/Apache NetBeans.app/Contents/Resources/netbeans/extide/ant/lib/ant.jar:/Applications/Apache NetBeans.app/Contents/Resources/netbeans/enterprise/modules/ext/servlet4.0-jsp2.3-api.jar:/Applications/Apache NetBeans.app/Contents/Resources/netbeans/enterprise/modules/ext/glassfish-jspparser-5.1.0.jar:/Applications/Apache NetBeans.app/Contents/Resources/netbeans/enterprise/modules/ext/jstl-impl.jar:/Applications/Apache NetBeans.app/Contents/Resources/netbeans/enterprise/modules/ext/jsf-2_2/javax.faces.jar" />
    <property name="libs.jsp-compilation.classpath" value="/Applications/Apache NetBeans.app/Contents/Resources/netbeans/extide/ant/lib/ant.jar:/Applications/Apache NetBeans.app/Contents/Resources/netbeans/enterprise/modules/ext/servlet4.0-jsp2.3-api.jar:/Applications/Apache NetBeans.app/Contents/Resources/netbeans/enterprise/modules/ext/glassfish-jspparser-5.1.0.jar:/Applications/Apache NetBeans.app/Contents/Resources/netbeans/enterprise/modules/ext/jsf-2_2/javax.faces.jar:/Applications/Apache NetBeans.app/Contents/Resources/netbeans/enterprise/modules/ext/jstl-api.jar:/Applications/Apache NetBeans.app/Contents/Resources/netbeans/extide/ant/lib/ant-launcher.jar" />
    <property name="org.apache.commons.logging.Log" value="org.apache.commons.logging.impl.Jdk14Logger" />
    <property name="ant.file.MovieTicketBookingSystem" value="/Users/bmshahriaalam/Desktop/Study/MovieTicketBookingSystem/build.xml" />
    <property name="libs.javaee-api-6.0.classpath" value="/Applications/Apache NetBeans.app/Contents/Resources/netbeans/enterprise/modules/ext/javaee-api-6.0.jar" />
    <property name="libs.javaee-api-7.0.classpath" value="/Applications/Apache NetBeans.app/Contents/Resources/netbeans/enterprise/modules/ext/javaee-api-7.0.jar" />
    <property name="libs.restapi.maven-pom" value="" />
    <property name="do.depend" value="false" />
    <property name="javadoc.preview" value="true" />
    <property name="libs.jakartaee-web-api-10.0.src" value="" />
    <property name="sun.arch.data.model" value="64" />
    <property name="libs.jakartaee-web-api-9.0.maven-pom" value="" />
    <property name="libs.javaee-endorsed-api-7.0.src" value="" />
    <property name="annotation.processing.enabled" value="true" />
    <property name="libs.junit_5.src" value="/Applications/Apache NetBeans.app/Contents/Resources/netbeans/platform/docs/junit-jupiter-api-5.10.3-sources.jar:/Applications/Apache NetBeans.app/Contents/Resources/netbeans/platform/docs/junit-jupiter-params-5.10.3-sources.jar:/Applications/Apache NetBeans.app/Contents/Resources/netbeans/platform/docs/junit-jupiter-engine-5.10.3-sources.jar" />
    <property name="libs.jaxb.classpath" value="/Applications/Apache NetBeans.app/Contents/Resources/netbeans/ide/modules/ext/jaxb/jaxb-impl.jar:/Applications/Apache NetBeans.app/Contents/Resources/netbeans/ide/modules/ext/jaxb/jaxb-xjc.jar:/Applications/Apache NetBeans.app/Contents/Resources/netbeans/ide/modules/ext/jaxb/activation.jar:/Applications/Apache NetBeans.app/Contents/Resources/netbeans/ide/modules/ext/jaxb/api/jaxb-api.jar" />
    <property name="libs.javaee-api-8.0.classpath" value="/Applications/Apache NetBeans.app/Contents/Resources/netbeans/enterprise/modules/ext/javaee-api-8.0.jar" />
    <property name="libs.CopyLibs.src" value="" />
    <property name="javac.source" value="1.8" />
    <property name="java.specification.vendor" value="Oracle Corporation" />
    <property name="java.version.date" value="2025-01-21" />
    <property name="java.home" value="/Applications/Apache NetBeans.app/Contents/Home" />
    <property name="work.dir" value="/Users/bmshahriaalam/Desktop/Study/MovieTicketBookingSystem" />
    <property name="jna.boot.library.name" value="jnidispatch-nb" />
    <property name="javac.test.compilerargs" value="" />
    <property name="libs.PostgreSQLDriver.classpath" value="/Applications/Apache NetBeans.app/Contents/Resources/netbeans/ide/modules/ext/postgresql-42.5.4.jar" />
    <property name="libs.graaljs.javadoc" value="" />
    <property name="ant.file.type.MovieTicketBookingSystem" value="file" />
    <property name="libs.JAXB-ENDORSED.src" value="" />
    <property name="manifest.encoding" value="UTF-8" />
    <property name="sun.management.compiler" value="HotSpot 64-Bit Tiered Compilers" />
    <property name="run.test.modulepath" value="" />
    <property name="libs.graaljs.classpath" value="/Applications/Apache NetBeans.app/Contents/Resources/netbeans/webcommon/modules/ext/js-launcher-24.0.0.jar:/Applications/Apache NetBeans.app/Contents/Resources/netbeans/webcommon/modules/ext/js-language-24.0.0.jar:/Applications/Apache NetBeans.app/Contents/Resources/netbeans/webcommon/modules/ext/js-scriptengine-24.0.0.jar:/Applications/Apache NetBeans.app/Contents/Resources/netbeans/webcommon/modules/ext/regex-24.0.0.jar:/Applications/Apache NetBeans.app/Contents/Resources/netbeans/webcommon/modules/ext/icu4j-24.0.0.jar:/Applications/Apache NetBeans.app/Contents/Resources/netbeans/ide/modules/ext/collections-24.0.0.jar:/Applications/Apache NetBeans.app/Contents/Resources/netbeans/ide/modules/ext/jline-24.0.0.jar:/Applications/Apache NetBeans.app/Contents/Resources/netbeans/ide/modules/ext/jniutils-24.0.0.jar:/Applications/Apache NetBeans.app/Contents/Resources/netbeans/ide/modules/ext/launcher-common-24.0.0.jar:/Applications/Apache NetBeans.app/Contents/Resources/netbeans/ide/modules/ext/nativeimage-24.0.0.jar:/Applications/Apache NetBeans.app/Contents/Resources/netbeans/ide/modules/ext/polyglot-24.0.0.jar:/Applications/Apache NetBeans.app/Contents/Resources/netbeans/ide/modules/ext/word-24.0.0.jar:/Applications/Apache NetBeans.app/Contents/Resources/netbeans/ide/modules/ext/truffle-api-24.0.0.jar:/Applications/Apache NetBeans.app/Contents/Resources/netbeans/ide/modules/ext/truffle-compiler-24.0.0.jar:/Applications/Apache NetBeans.app/Contents/Resources/netbeans/ide/modules/ext/truffle-runtime-24.0.0.jar" />
    <property name="libs.javaee-web-api-6.0.classpath" value="/Applications/Apache NetBeans.app/Contents/Resources/netbeans/enterprise/modules/ext/javaee-web-api-6.0.jar" />
    <property name="libs.jsp-compiler.javadoc" value="" />
    <property name="debug.test.modulepath" value="" />
    <property name="libs.javaee-web-api-7.0.classpath" value="/Applications/Apache NetBeans.app/Contents/Resources/netbeans/enterprise/modules/ext/javaee-web-api-7.0.jar" />
    <property name="ant.file.type.MovieTicketBookingSystem-impl" value="file" />
    <property name="file.encoding" value="UTF-8" />
    <property name="java.util.logging.config.class" value="org.netbeans.core.startup.TopLogging" />
    <property name="https.nonProxyHosts" value="localhost|127.0.0.1|Shahrias-MacBook.local" />
    <property name="libs.restlib.javadoc" value="" />
    <property name="libs.absolutelayout.classpath" value="/Applications/Apache NetBeans.app/Contents/Resources/netbeans/java/modules/ext/AbsoluteLayout.jar" />
    <property name="do.archive" value="true" />
    <property name="built-jar.properties" value="/Users/bmshahriaalam/Desktop/Study/MovieTicketBookingSystem/build/built-jar.properties" />
    <property name="nb.native.filechooser" value="false" />
    <property name="libs.testng.src" value="" />
    <property name="libs.javaee-web-api-8.0.classpath" value="/Applications/Apache NetBeans.app/Contents/Resources/netbeans/enterprise/modules/ext/javaee-web-api-8.0.jar" />
    <property name="platform.active" value="default_platform" />
    <property name="manifest.file" value="manifest.mf" />
    <property name="stderr.encoding" value="UTF-8" />
    <property name="sun.io.unicode.encoding" value="UnicodeBig" />
    <property name="default.javac.source" value="23" />
    <property name="libs.javaee-web-api-8.0.javadoc" value="/Applications/Apache NetBeans.app/Contents/Resources/netbeans/enterprise/docs/javaee-doc-api.jar" />
    <property name="netbeans.dynamic.classpath" value="/Applications/Apache NetBeans.app/Contents/Resources/netbeans/platform/core/asm-9.7.1.jar:/Applications/Apache NetBeans.app/Contents/Resources/netbeans/platform/core/org-netbeans-libs-asm.jar:/Applications/Apache NetBeans.app/Contents/Resources/netbeans/platform/core/org-openide-filesystems-compat8.jar:/Applications/Apache NetBeans.app/Contents/Resources/netbeans/platform/core/org-openide-filesystems.jar:/Applications/Apache NetBeans.app/Contents/Resources/netbeans/platform/core/asm-tree-9.7.1.jar:/Applications/Apache NetBeans.app/Contents/Resources/netbeans/platform/core/core.jar:/Applications/Apache NetBeans.app/Contents/Resources/netbeans/platform/core/core-base.jar:/Applications/Apache NetBeans.app/Contents/Resources/netbeans/platform/core/asm-commons-9.7.1.jar:/Applications/Apache NetBeans.app/Contents/Resources/netbeans/nb/core/org-netbeans-upgrader.jar:/Applications/Apache NetBeans.app/Contents/Resources/netbeans/nb/core/locale/core_nb.jar" />
    <property name="flatlaf.nativeLibraryPath" value="system" />
    <property name="libs.eclipselinkmodelgen.classpath" value="/Applications/Apache NetBeans.app/Contents/Resources/netbeans/java/modules/ext/eclipselink/org.eclipse.persistence.jpa.modelgen.processor-2.7.12.jar" />
    <property name="truffle.UseFallbackRuntime" value="true" />
    <property name="netbeans.buildnumber" value="25-0f82d968998b78ef4d323537d1149eb68e747d9a" />
    <property name="endorsed.classpath.cmd.line.arg" value="" />
    <property name="libs.jpa20-persistence.maven-pom" value="" />
    <property name="os.name" value="Mac OS X" />
    <property name="build.sysclasspath" value="ignore" />
    <property name="libs.CopyLibs.maven-pom" value="" />
    <property name="libs.jakartaee-api-8.0.maven-pom" value="" />
    <property name="jdkBug6558476" value="false" />
    <property name="http.nonProxyHosts" value="local|*.local|169.254/16|*.169.254/16" />
    <property name="javadoc.author" value="false" />
    <property name="main.class" value="movieticketbookingsystem.Main" />
    <property name="libs.jsp-compilation-syscp.javadoc" value="" />
    <property name="source.encoding" value="UTF-8" />
    <property name="jar.compress" value="false" />
    <property name="libs.javaee-api-7.0.javadoc" value="/Applications/Apache NetBeans.app/Contents/Resources/netbeans/enterprise/docs/javaee-doc-api.jar" />
    <property name="flatlaf.updateUIOnSystemFontChange" value="false" />
    <property name="libs.spring-webmvc5.0.src" value="" />
    <property name="libs.jsf20.maven-pom" value="" />
    <property name="libs.restlib.classpath" value="/Applications/Apache NetBeans.app/Contents/Resources/netbeans/enterprise/modules/ext/jersey2/jakarta.annotation-api-2.1.1.jar:/Applications/Apache NetBeans.app/Contents/Resources/netbeans/enterprise/modules/ext/jersey2/jakarta.persistence-api-2.2.3.jar:/Applications/Apache NetBeans.app/Contents/Resources/netbeans/enterprise/modules/ext/jersey2/jakarta.servlet-api-4.0.4.jar:/Applications/Apache NetBeans.app/Contents/Resources/netbeans/enterprise/modules/ext/jersey2/jakarta.validation-api-2.0.2.jar:/Applications/Apache NetBeans.app/Contents/Resources/netbeans/enterprise/modules/ext/jersey2/jakarta.xml.bind-api-2.3.3.jar:/Applications/Apache NetBeans.app/Contents/Resources/netbeans/enterprise/modules/ext/jersey2/jersey-client-2.35.jar:/Applications/Apache NetBeans.app/Contents/Resources/netbeans/enterprise/modules/ext/jersey2/jersey-common-2.35.jar:/Applications/Apache NetBeans.app/Contents/Resources/netbeans/enterprise/modules/ext/jersey2/jersey-server-2.35.jar:/Applications/Apache NetBeans.app/Contents/Resources/netbeans/enterprise/modules/ext/jersey2/jersey-entity-filtering-2.35.jar:/Applications/Apache NetBeans.app/Contents/Resources/netbeans/enterprise/modules/ext/jersey2/jersey-hk2-2.35.jar:/Applications/Apache NetBeans.app/Contents/Resources/netbeans/enterprise/modules/ext/jersey2/jersey-media-moxy-2.35.jar:/Applications/Apache NetBeans.app/Contents/Resources/netbeans/enterprise/modules/ext/jersey2/jersey-container-servlet-2.35.jar:/Applications/Apache NetBeans.app/Contents/Resources/netbeans/enterprise/modules/ext/jersey2/jersey-container-servlet-core-2.35.jar:/Applications/Apache NetBeans.app/Contents/Resources/netbeans/enterprise/modules/ext/jersey2/hk2-api-2.6.1.jar:/Applications/Apache NetBeans.app/Contents/Resources/netbeans/enterprise/modules/ext/jersey2/hk2-locator-2.6.1.jar:/Applications/Apache NetBeans.app/Contents/Resources/netbeans/enterprise/modules/ext/jersey2/hk2-utils-2.6.1.jar:/Applications/Apache NetBeans.app/Contents/Resources/netbeans/platform/modules/ext/jersey2/jakarta.inject-2.6.1.jar:/Applications/Apache NetBeans.app/Contents/Resources/netbeans/enterprise/modules/ext/jersey2/aopalliance-repackaged-2.6.1.jar:/Applications/Apache NetBeans.app/Contents/Resources/netbeans/enterprise/modules/ext/jersey2/osgi.core-8.0.0.jar:/Applications/Apache NetBeans.app/Contents/Resources/netbeans/enterprise/modules/ext/jersey2/osgi-resource-locator-1.0.3.jar:/Applications/Apache NetBeans.app/Contents/Resources/netbeans/java/modules/ext/eclipselink/org.eclipse.persistence.core-2.7.12.jar:/Applications/Apache NetBeans.app/Contents/Resources/netbeans/java/modules/ext/eclipselink/org.eclipse.persistence.asm-9.4.0.jar:/Applications/Apache NetBeans.app/Contents/Resources/netbeans/java/modules/ext/eclipselink/org.eclipse.persistence.antlr-2.7.12.jar:/Applications/Apache NetBeans.app/Contents/Resources/netbeans/java/modules/ext/eclipselink/org.eclipse.persistence.jpa-2.7.12.jar:/Applications/Apache NetBeans.app/Contents/Resources/netbeans/java/modules/ext/eclipselink/org.eclipse.persistence.jpa.jpql-2.7.12.jar:/Applications/Apache NetBeans.app/Contents/Resources/netbeans/java/modules/ext/eclipselink/org.eclipse.persistence.moxy-2.7.12.jar" />
    <property name="libs.jakartaee-web-api-8.0.javadoc" value="/Applications/Apache NetBeans.app/Contents/Resources/netbeans/enterprise/docs/jakartaee8-doc-api.jar" />
    <property name="libs.graaljs.src" value="" />
    <property name="run.jvmargs" value="" />
    <property name="libs.primefaces.src" value="" />
    <property name="ant.file" value="/Users/bmshahriaalam/Desktop/Study/MovieTicketBookingSystem/build.xml" />
    <property name="stdout.encoding" value="UTF-8" />
    <property name="path.separator" value=":" />
    <property name="libs.JAXB-ENDORSED.classpath" value="/Applications/Apache NetBeans.app/Contents/Resources/netbeans/ide/modules/ext/jaxb/api/jaxb-api.jar" />
    <property name="libs.restlib.src" value="" />
    <property name="build.test.results.dir" value="build/test/results" />
    <property name="libs.jaxws21.javadoc" value="/Applications/Apache NetBeans.app/Contents/Resources/netbeans/java/docs/jaxws-api-doc.zip" />
    <property name="libs.javaee-endorsed-api-6.0.javadoc" value="/Applications/Apache NetBeans.app/Contents/Resources/netbeans/enterprise/docs/javaee-doc-api.jar" />
    <property name="ap.processors.internal" value="" />
    <property name="libs.spring-webmvc5.0.javadoc" value="" />
    <property name="libs.hamcrest.javadoc" value="" />
    <property name="java.vm.info" value="mixed mode, sharing" />
    <property name="libs.primefaces.classpath" value="/Applications/Apache NetBeans.app/Contents/Resources/netbeans/enterprise/modules/ext/primefaces/primefaces-5.0.jar" />
    <property name="libs.jaxws21.maven-pom" value="" />
    <property name="run.test.classpath" value=":build/classes:/Applications/Apache NetBeans.app/Contents/Resources/netbeans/platform/modules/ext/junit-4.13.2.jar:/Applications/Apache NetBeans.app/Contents/Resources/netbeans/platform/modules/ext/hamcrest-core-1.3.jar:build/test/classes" />
    <property name="java.class.version" value="67.0" />
    <property name="javadoc.encoding.used" value="UTF-8" />
    <property name="src.dir" value="src" />
    <property name="debug.classpath" value=":build/classes" />
    <property name="ant.project.default-target" value="default" />
    <property name="excludes" value="" />
    <property name="libs.javaee-api-7.0.src" value="" />
    <property name="sun.jnu.encoding" value="UTF-8" />
    <property name="run.test.jvmargs" value="" />
    <property name="libs.junit_4.javadoc" value="/Applications/Apache NetBeans.app/Contents/Resources/netbeans/platform/docs/junit-4.13.2-javadoc.jar" />
    <property name="sun.java2d.dpiaware" value="true" />
    <property name="main.class.available" value="true" />
    <property name="libs.jsf20.javadoc" value="/Applications/Apache NetBeans.app/Contents/Resources/netbeans/enterprise/docs/javaee-doc-api.jar" />
    <property name="netbeans.importclass" value="org.netbeans.upgrade.AutoUpgrade" />
    <property name="netbeans.autoupdate.version" value="1.23" />
    <property name="empty.dir" value="/Users/bmshahriaalam/Desktop/Study/MovieTicketBookingSystem/build/empty" />
    <property name="libs.jakartaee-api-10.0.classpath" value="/Applications/Apache NetBeans.app/Contents/Resources/netbeans/enterprise/modules/ext/jakarta.jakartaee-api-10.0.0.jar" />
    <property name="netbeans.user" value="/Users/bmshahriaalam/Library/Application Support/NetBeans/25" />
    <property name="file.separator" value="/" />
    <property name="line.separator" value="&#xa;" />
    <property name="javadoc.additionalparam" value="" />
    <property name="libs.spring-webmvc5.0.classpath" value="/Applications/Apache NetBeans.app/Contents/Resources/netbeans/java/modules/ext/spring-5/spring-webmvc-5.3.31.jar" />
    <property name="org.apache.commons.logging.LogFactory" value="org.apache.commons.logging.impl.LogFactoryImpl" />
    <property name="javac.debug" value="true" />
    <property name="libs.restlib.maven-pom" value="" />
    <property name="libs.testng.classpath" value="/Applications/Apache NetBeans.app/Contents/Resources/netbeans/platform/modules/ext/testng-6.14.3.jar:/Applications/Apache NetBeans.app/Contents/Resources/netbeans/platform/modules/ext/jcommander-1.78.jar" />
    <property name="libs.jsp-compiler.src" value="" />
    <property name="user.name" value="bmshahriaalam" />
    <property name="build.classes.dir" value="build/classes" />
    <property name="javadoc.windowtitle" value="" />
    <property name="nb.junit.single" value="false" />
    <property name="nb.internal.action.name" value="test" />
    <property name="libs.javaee-api-8.0.maven-pom" value="" />
    <property name="libs.jaxws21.src" value="" />
    <property name="libs.jakartaee-web-api-9.0.javadoc" value="/Applications/Apache NetBeans.app/Contents/Resources/netbeans/enterprise/docs/jakartaee9-doc-api.jar" />
    <property name="apple.awt.application.appearance" value="system" />
    <property name="jna.loaded" value="true" />
    <property name="libs.junit_5.maven-pom" value="" />
    <property name="libs.jpa20-persistence.javadoc" value="/Applications/Apache NetBeans.app/Contents/Resources/netbeans/java/modules/ext/docs/jakarta.persistence-2.2.3-doc.zip" />
    <property name="ant.junit.enabletestlistenerevents" value="true" />
    <property name="libs.JWSAntTasks.src" value="" />
    <property name="ant.home" value="/Applications/Apache NetBeans.app/Contents/Resources/netbeans/extide/ant" />
    <property name="debug.test.classpath" value=":build/classes:/Applications/Apache NetBeans.app/Contents/Resources/netbeans/platform/modules/ext/junit-4.13.2.jar:/Applications/Apache NetBeans.app/Contents/Resources/netbeans/platform/modules/ext/hamcrest-core-1.3.jar:build/test/classes" />
    <property name="have.tests" value="true" />
    <property name="javac.external.vm" value="true" />
    <property name="testng.debug.mode" value="" />
    <property name="javac.target" value="1.8" />
    <property name="ant.version" value="Apache Ant(TM) version 1.10.14 compiled on August 16 2023" />
    <property name="libs.absolutelayout.maven-pom" value="" />
    <property name="java.failonerror" value="true" />
    <property name="javac.modulepath" value="" />
    <property name="libs.spring-framework500.src" value="" />
    <property name="user.properties.file" value="/Users/bmshahriaalam/Library/Application Support/NetBeans/25/build.properties" />
    <property name="libs.javaee-api-6.0.src" value="" />
    <property name="netbeans.autoupdate.country" value="BD" />
    <property name="nb.wait.for.caches" value="true" />
    <property name="java.class.path" value="/Users/bmshahriaalam/Desktop/Study/MovieTicketBookingSystem/build/classes:/Applications/Apache NetBeans.app/Contents/Resources/netbeans/platform/modules/ext/junit-4.13.2.jar:/Applications/Apache NetBeans.app/Contents/Resources/netbeans/platform/modules/ext/hamcrest-core-1.3.jar:/Users/bmshahriaalam/Desktop/Study/MovieTicketBookingSystem/build/test/classes:/Applications/Apache NetBeans.app/Contents/Resources/netbeans/extide/ant/lib/ant-launcher.jar:/Applications/Apache NetBeans.app/Contents/Resources/netbeans/extide/ant/lib/ant.jar:/Applications/Apache NetBeans.app/Contents/Resources/netbeans/extide/ant/lib/ant-junit.jar:/Applications/Apache NetBeans.app/Contents/Resources/netbeans/extide/ant/lib/ant-junit4.jar" />
    <property name="libs.javaee-web-api-6.0.maven-pom" value="" />
    <property name="java.vm.vendor" value="Azul Systems, Inc." />
    <property name="ap.supported.internal" value="true" />
    <property name="netbeans.home+have.tests" value="true" />
    <property name="test.binaryexcludes" value="" />
    <property name="javac.compilerargs" value="" />
    <property name="libs.jstl.maven-pom" value="" />
    <property name="libs.jakartaee-web-api-8.0.src" value="" />
    <property name="sun.cpu.endian" value="little" />
    <property name="libs.jakartaee-api-9.0.src" value="" />
    <property name="libs.jakartaee-web-api-11.0.javadoc" value="/Applications/Apache NetBeans.app/Contents/Resources/netbeans/enterprise/docs/jakartaee11-doc-api.jar" />
    <property name="libs.junit_4.src" value="/Applications/Apache NetBeans.app/Contents/Resources/netbeans/platform/docs/junit-4.13.2-sources.jar" />
    <property name="user.language" value="en" />
    <property name="copylibs.rebase" value="true" />
    <property name="libs.javaee-web-api-6.0.src" value="" />
    <property name="maven.defaultProjectBuilder.disableGlobalModelCache" value="true" />
    <property name="javadoc.nonavbar" value="false" />
    <property name="libs.javaee-api-8.0.src" value="" />
    <property name="ant.java.version" value="23" />
    <property name="libs.junit_4.classpath" value="/Applications/Apache NetBeans.app/Contents/Resources/netbeans/platform/modules/ext/junit-4.13.2.jar" />
    <property name="libs.jakartaee-api-9.0.javadoc" value="/Applications/Apache NetBeans.app/Contents/Resources/netbeans/enterprise/docs/jakartaee9-doc-api.jar" />
    <property name="test.binarytestincludes" value="" />
    <property name="apple.awt.application.name" value="JUnitTestRunner" />
    <property name="libs.spring-webmvc5.0.maven-pom" value="" />
    <property name="libs.junit_4.maven-pom" value="" />
    <property name="libs.jsp-compiler.maven-pom" value="" />
    <property name="runtime.encoding" value="UTF-8" />
    <property name="libs.jakartaee-web-api-10.0.javadoc" value="/Applications/Apache NetBeans.app/Contents/Resources/netbeans/enterprise/docs/jakartaee10-doc-api.jar" />
    <property name="libs.jakartaee-web-api-8.0.classpath" value="/Applications/Apache NetBeans.app/Contents/Resources/netbeans/enterprise/modules/ext/jakarta.jakartaee-web-api-8.0.0.jar" />
    <property name="javac.classpath" value="" />
    <property name="ftp.nonProxyHosts" value="local|*.local|169.254/16|*.169.254/16" />
    <property name="nb.junit.batch" value="true" />
    <property name="libs.jakartaee-web-api-10.0.maven-pom" value="" />
    <property name="build.test.classes.dir" value="build/test/classes" />
    <property name="ant.project.invoked-targets" value="test" />
    <property name="libs.jstl.classpath" value="/Applications/Apache NetBeans.app/Contents/Resources/netbeans/enterprise/modules/ext/jstl-impl.jar:/Applications/Apache NetBeans.app/Contents/Resources/netbeans/enterprise/modules/ext/jstl-api.jar" />
    <property name="ap.cmd.line.internal" value="" />
    <property name="jna.platform.library.path" value="/usr/lib:/usr/lib" />
    <property name="libs.PostgreSQLDriver.src" value="" />
    <property name="java.vendor.url.bug" value="http://www.azul.com/support/" />
    <property name="annotation.processing.source.output" value="build/generated-sources/ap-source-output" />
    <property name="user.dir" value="/Users/bmshahriaalam/Desktop/Study/MovieTicketBookingSystem" />
    <property name="libs.javaee-endorsed-api-6.0.maven-pom" value="" />
    <property name="TopSecurityManager.disable" value="true" />
    <property name="platform.java" value="/Applications/Apache NetBeans.app/Contents/Home/bin/java" />
    <property name="application.args" value="" />
    <property name="org.xml.sax.driver" value="com.sun.org.apache.xerces.internal.jaxp.SAXParserImpl$JAXPSAXParser" />
    <property name="libs.jakartaee-web-api-8.0.maven-pom" value="" />
    <property name="libs.eclipselink.src" value="" />
    <property name="java.vm.version" value="23.0.2+7" />
    <property name="libs.metro.javadoc" value="/Applications/Apache NetBeans.app/Contents/Resources/netbeans/enterprise/docs/webservices-api-javadoc.jar:/Applications/Apache NetBeans.app/Contents/Resources/netbeans/enterprise/docs/webservices-extra-javadoc.jar:/Applications/Apache NetBeans.app/Contents/Resources/netbeans/enterprise/docs/webservices-extra-api-javadoc.jar:/Applications/Apache NetBeans.app/Contents/Resources/netbeans/enterprise/docs/webservices-rt-javadoc.jar:/Applications/Apache NetBeans.app/Contents/Resources/netbeans/enterprise/docs/webservices-tools-javadoc.jar" />
    <property name="libs.jakartaee-web-api-9.0.src" value="" />
    <property name="libs.jakartaee-web-api-10.0.classpath" value="/Applications/Apache NetBeans.app/Contents/Resources/netbeans/enterprise/modules/ext/jakarta.jakartaee-web-api-10.0.0.jar" />
    <property name="sun.awt.datatransfer.timeout" value="1000" />
    <property name="libs.javaee-web-api-7.0.src" value="" />
    <property name="libs.jakartaee-api-8.0.src" value="" />
    <property name="annotation.processing.run.all.processors" value="true" />
    <property name="junit.forkmode" value="perTest" />
    <property name="libs.jsp-compiler.classpath" value="/Applications/Apache NetBeans.app/Contents/Resources/netbeans/enterprise/ant/extra/jspcompile.jar" />
    <property name="libs.javaee-endorsed-api-6.0.classpath" value="/Applications/Apache NetBeans.app/Contents/Resources/netbeans/enterprise/modules/ext/javaee6-endorsed/javax.annotation.jar:/Applications/Apache NetBeans.app/Contents/Resources/netbeans/enterprise/modules/ext/javaee6-endorsed/jaxb-api-osgi.jar:/Applications/Apache NetBeans.app/Contents/Resources/netbeans/enterprise/modules/ext/javaee6-endorsed/webservices-api-osgi.jar" />
  </properties>
  <testcase classname="movieticketbookingsystem.UserManagerTest" name="testAuthenticationSuccess" time="0.015" />
  <testcase classname="movieticketbookingsystem.UserManagerTest" name="testAddAdmin_WithoutAdminPrivileges" time="0.0" />
  <testcase classname="movieticketbookingsystem.UserManagerTest" name="testRegisterUser_DuplicateUsernameWithDifferentCase" time="0.0" />
  <testcase classname="movieticketbookingsystem.UserManagerTest" name="testLoginUser_CaseSensitivity" time="0.001" />
  <testcase classname="movieticketbookingsystem.UserManagerTest" name="testLoginUser_UserDoesNotExist" time="0.0" />
  <testcase classname="movieticketbookingsystem.UserManagerTest" name="testRegisterUser_NullRole" time="0.0" />
  <testcase classname="movieticketbookingsystem.UserManagerTest" name="testMultipleUserRegistration" time="0.0" />
  <testcase classname="movieticketbookingsystem.UserManagerTest" name="testAuthenticationFailure" time="0.001" />
  <testcase classname="movieticketbookingsystem.UserManagerTest" name="testLoginUser_SuccessfulLogin" time="0.0" />
  <testcase classname="movieticketbookingsystem.UserManagerTest" name="testRegisterUser_Success" time="0.0" />
  <testcase classname="movieticketbookingsystem.UserManagerTest" name="testRegisterUser_DuplicateUsername" time="0.0" />
  <testcase classname="movieticketbookingsystem.UserManagerTest" name="testAddAdmin_WithAdminPrivileges" time="0.0" />
  <testcase classname="movieticketbookingsystem.UserManagerTest" name="testRegisterUser_EmptyUsername" time="0.001" />
  <testcase classname="movieticketbookingsystem.UserManagerTest" name="testAddAdmin_NullAdminUser" time="0.0" />
  <testcase classname="movieticketbookingsystem.UserManagerTest" name="testGetUserRole" time="0.0" />
  <testcase classname="movieticketbookingsystem.UserManagerTest" name="testViewBookingHistory_Empty" time="0.0" />
  <testcase classname="movieticketbookingsystem.UserManagerTest" name="testAddAdmin_DoesNotAffectExistingUser" time="0.0" />
  <testcase classname="movieticketbookingsystem.UserManagerTest" name="testLoginUser_InvalidCredentials" time="0.0" />
  <system-out><![CDATA[Only existing Admins can create new Admin accounts.
User registered successfully: UserOne (User)
User registered successfully: userone (User)
User registered successfully: JohnDoe (User)
Invalid username or password. Please try again.
Invalid username or password. Please try again.
User registered successfully: nullRoleUser (null)
User registered successfully: user1 (User)
User registered successfully: user2 (User)
User registered successfully: admin1 (Admin)
User registered successfully: test_user (User)
Login successful! Welcome test_user (User)
User registered successfully: test_user (User)
User registered successfully: test_user (User)
Username already taken. Please choose a different username.
User registered successfully: new_admin (Admin)
User registered successfully:  (User)
Only existing Admins can create new Admin accounts.
emptyUser has no booking history.
User registered successfully: commonUser (User)
Username already taken. Please choose a different username.
User registered successfully: test_user (User)
Invalid username or password. Please try again.
]]></system-out>
  <system-err><![CDATA[]]></system-err>
</testsuite>
